2025-06-21 06:56:26,133 - rate_limiter - INFO - Rate limiter initialized: 10 actions per 3600 seconds
2025-06-21 06:56:26,134 - __main__ - INFO - Starting Telegram Channel Monitor...
2025-06-21 06:56:26,134 - __main__ - INFO - Press Ctrl+C to stop the monitor
2025-06-21 06:56:26,134 - telegram_monitor - INFO - Initializing Telegram client...
2025-06-21 06:56:26,229 - telethon.network.mtprotosender - INFO - Connecting to 149.154.167.51:443/TcpFull...
2025-06-21 06:56:27,638 - telethon.network.mtprotosender - INFO - Connection to 149.154.167.51:443/TcpFull complete!
2025-06-21 06:56:30,421 - rate_limiter - INFO - Rate limiter initialized: 10 actions per 3600 seconds
2025-06-21 06:56:30,421 - __main__ - INFO - Starting Telegram Channel Monitor...
2025-06-21 06:56:30,421 - __main__ - INFO - Press Ctrl+C to stop the monitor
2025-06-21 06:56:30,421 - telegram_monitor - INFO - Initializing Telegram client...
2025-06-21 06:56:30,422 - telethon.network.mtprotosender - INFO - Connecting to 149.154.167.51:443/TcpFull...
2025-06-21 06:56:30,525 - telethon.network.mtprotosender - INFO - Connection to 149.154.167.51:443/TcpFull complete!
2025-06-21 06:56:45,909 - rate_limiter - INFO - Rate limiter initialized: 10 actions per 3600 seconds
2025-06-21 06:56:45,909 - __main__ - INFO - Starting Telegram Channel Monitor...
2025-06-21 06:56:45,910 - __main__ - INFO - Press Ctrl+C to stop the monitor
2025-06-21 06:56:45,910 - telegram_monitor - INFO - Initializing Telegram client...
2025-06-21 06:56:46,036 - telethon.network.mtprotosender - INFO - Connecting to 149.154.167.51:443/TcpFull...
2025-06-21 06:56:47,520 - telethon.network.mtprotosender - INFO - Connection to 149.154.167.51:443/TcpFull complete!
2025-06-21 06:58:43,768 - telethon.client.users - INFO - Phone migrated to 1
2025-06-21 06:58:43,998 - telethon.client.telegrambaseclient - INFO - Reconnecting to new data center 1
2025-06-21 06:58:44,229 - telethon.network.mtprotosender - INFO - Disconnecting from 149.154.167.51:443/TcpFull...
2025-06-21 06:58:44,229 - telethon.network.mtprotosender - INFO - Disconnection from 149.154.167.51:443/TcpFull complete!
2025-06-21 06:58:44,229 - telethon.network.mtprotosender - INFO - Connecting to 149.154.175.55:443/TcpFull...
2025-06-21 06:58:45,893 - telethon.network.mtprotosender - INFO - Connection to 149.154.175.55:443/TcpFull complete!
2025-06-21 06:59:05,433 - telegram_monitor - INFO - Telegram client initialized successfully
2025-06-21 06:59:05,469 - telegram_monitor - INFO - Authenticated as: S-P (@gpt92lbot)
2025-06-21 06:59:05,469 - telegram_monitor - INFO - Setting up target channel: @Sport_433et
2025-06-21 06:59:05,590 - telegram_monitor - INFO - Target channel setup complete: 4-3-3 ስፖርት በኢትዮጵያ™
2025-06-21 06:59:05,590 - telegram_monitor - INFO - Starting channel monitoring...
2025-06-21 06:59:05,590 - telegram_monitor - INFO - Monitor is now active. Waiting for new messages...
2025-06-21 06:59:18,520 - telethon.client.updates - INFO - Got difference for channel 2023560648 updates
2025-06-21 06:59:34,317 - telethon.client.updates - INFO - Got difference for account updates
2025-06-21 07:02:04,406 - telethon.client.updates - INFO - Got difference for channel 1488788387 updates
2025-06-21 07:03:37,940 - telethon.client.updates - INFO - Got difference for account updates
2025-06-21 07:08:05,486 - telegram_monitor - INFO - New message detected: ID 322998
2025-06-21 07:08:05,486 - telegram_monitor - INFO - Waiting 11 seconds before commenting...
2025-06-21 07:08:16,183 - telethon.client.updates - INFO - Got difference for channel 1488788387 updates
2025-06-21 07:08:16,513 - telegram_monitor - ERROR - Failed to post comment: Chat admin privileges are required to do that in the specified chat (for example, to send a message in a channel which is not yours), or invalid permissions used for the channel or group (caused by SendMessageRequest)
2025-06-21 07:08:16,514 - rate_limiter - INFO - Action recorded. 9 actions remaining in current window
2025-06-21 07:13:56,924 - rate_limiter - INFO - Rate limiter initialized: 10 actions per 3600 seconds
2025-06-21 07:13:56,924 - __main__ - INFO - Starting Telegram Channel Monitor...
2025-06-21 07:13:56,924 - __main__ - INFO - Press Ctrl+C to stop the monitor
2025-06-21 07:13:56,924 - telegram_monitor - INFO - Initializing Telegram client...
2025-06-21 07:13:56,925 - telethon.network.mtprotosender - INFO - Connecting to 149.154.175.55:443/TcpFull...
2025-06-21 07:13:56,943 - telethon.network.mtprotosender - INFO - Connection to 149.154.175.55:443/TcpFull complete!
2025-06-21 07:13:57,128 - telegram_monitor - INFO - Telegram client initialized successfully
2025-06-21 07:13:57,153 - telegram_monitor - INFO - Authenticated as: S-P (@gpt92lbot)
2025-06-21 07:13:57,153 - telegram_monitor - INFO - Setting up target channel: @Sport_433et
2025-06-21 07:13:57,259 - telegram_monitor - INFO - Target channel setup complete: 4-3-3 ስፖርት በኢትዮጵያ™
2025-06-21 07:13:57,259 - telegram_monitor - INFO - Starting channel monitoring...
2025-06-21 07:13:57,259 - telegram_monitor - INFO - Monitor is now active. Waiting for new messages...
2025-06-21 07:14:01,632 - rate_limiter - INFO - Rate limiter initialized: 10 actions per 3600 seconds
2025-06-21 07:14:01,632 - __main__ - INFO - Starting Telegram Channel Monitor...
2025-06-21 07:14:01,632 - __main__ - INFO - Press Ctrl+C to stop the monitor
2025-06-21 07:14:01,632 - telegram_monitor - INFO - Initializing Telegram client...
2025-06-21 07:14:01,633 - telethon.network.mtprotosender - INFO - Connecting to 149.154.175.55:443/TcpFull...
2025-06-21 07:14:01,652 - telethon.network.mtprotosender - INFO - Connection to 149.154.175.55:443/TcpFull complete!
2025-06-21 07:14:01,871 - telegram_monitor - INFO - Telegram client initialized successfully
2025-06-21 07:14:01,898 - telegram_monitor - INFO - Authenticated as: S-P (@gpt92lbot)
2025-06-21 07:14:01,899 - telegram_monitor - INFO - Setting up target channel: @Sport_433et
2025-06-21 07:14:01,998 - telegram_monitor - INFO - Target channel setup complete: 4-3-3 ስፖርት በኢትዮጵያ™
2025-06-21 07:14:01,998 - telegram_monitor - INFO - Starting channel monitoring...
2025-06-21 07:14:01,998 - telegram_monitor - INFO - Monitor is now active. Waiting for new messages...
2025-06-21 07:18:32,494 - telegram_monitor - INFO - New message detected: ID 322999
2025-06-21 07:18:32,494 - telegram_monitor - INFO - Waiting 14 seconds before commenting...
2025-06-21 07:18:46,964 - telegram_monitor - INFO - Comment posted successfully: 'hey this is me'
2025-06-21 07:18:46,964 - rate_limiter - INFO - Action recorded. 9 actions remaining in current window
2025-06-21 07:18:47,412 - telethon.client.updates - INFO - Got difference for account updates
2025-06-21 07:18:47,478 - telethon.client.updates - INFO - Got difference for channel 1764387820 updates
2025-06-21 07:19:46,698 - rate_limiter - INFO - Rate limiter initialized: 10 actions per 3600 seconds
2025-06-21 07:19:46,698 - __main__ - INFO - Starting Telegram Channel Monitor...
2025-06-21 07:19:46,698 - __main__ - INFO - Press Ctrl+C to stop the monitor
2025-06-21 07:19:46,698 - telegram_monitor - INFO - Initializing Telegram client...
2025-06-21 07:19:46,699 - telethon.network.mtprotosender - INFO - Connecting to 149.154.175.55:443/TcpFull...
2025-06-21 07:19:46,718 - telethon.network.mtprotosender - INFO - Connection to 149.154.175.55:443/TcpFull complete!
2025-06-21 07:19:47,028 - telegram_monitor - INFO - Telegram client initialized successfully
2025-06-21 07:19:47,053 - telegram_monitor - INFO - Authenticated as: S-P (@gpt92lbot)
2025-06-21 07:19:47,053 - telegram_monitor - INFO - Setting up target channel: @Sport_433et
2025-06-21 07:19:47,146 - telegram_monitor - INFO - Target channel setup complete: 4-3-3 ስፖርት በኢትዮጵያ™
2025-06-21 07:19:47,146 - telegram_monitor - INFO - Starting channel monitoring...
2025-06-21 07:19:47,147 - telegram_monitor - INFO - Monitor is now active. Waiting for new messages...
2025-06-21 07:19:51,269 - rate_limiter - INFO - Rate limiter initialized: 10 actions per 3600 seconds
2025-06-21 07:19:51,269 - __main__ - INFO - Starting Telegram Channel Monitor...
2025-06-21 07:19:51,270 - __main__ - INFO - Press Ctrl+C to stop the monitor
2025-06-21 07:19:51,270 - telegram_monitor - INFO - Initializing Telegram client...
2025-06-21 07:19:51,271 - telethon.network.mtprotosender - INFO - Connecting to 149.154.175.55:443/TcpFull...
2025-06-21 07:19:51,289 - telethon.network.mtprotosender - INFO - Connection to 149.154.175.55:443/TcpFull complete!
2025-06-21 07:19:51,457 - telegram_monitor - INFO - Telegram client initialized successfully
2025-06-21 07:19:51,485 - telegram_monitor - INFO - Authenticated as: S-P (@gpt92lbot)
2025-06-21 07:19:51,485 - telegram_monitor - INFO - Setting up target channel: @Sport_433et
2025-06-21 07:19:51,576 - telegram_monitor - INFO - Target channel setup complete: 4-3-3 ስፖርት በኢትዮጵያ™
2025-06-21 07:19:51,576 - telegram_monitor - INFO - Starting channel monitoring...
2025-06-21 07:19:51,576 - telegram_monitor - INFO - Monitor is now active. Waiting for new messages...
2025-06-21 07:26:44,311 - rate_limiter - INFO - Rate limiter initialized: 10 actions per 3600 seconds
2025-06-21 07:26:44,313 - __main__ - INFO - Starting Telegram Channel Monitor...
2025-06-21 07:26:44,313 - __main__ - INFO - Press Ctrl+C to stop the monitor
2025-06-21 07:26:44,313 - telegram_monitor - INFO - Initializing Telegram client...
2025-06-21 07:26:44,314 - telethon.network.mtprotosender - INFO - Connecting to 149.154.175.55:443/TcpFull...
2025-06-21 07:26:44,333 - telethon.network.mtprotosender - INFO - Connection to 149.154.175.55:443/TcpFull complete!
2025-06-21 07:26:44,582 - telegram_monitor - INFO - Telegram client initialized successfully
2025-06-21 07:26:44,607 - telegram_monitor - INFO - Authenticated as: S-P (@gpt92lbot)
2025-06-21 07:26:44,607 - telegram_monitor - INFO - Setting up target channel: @Sport_433et
2025-06-21 07:26:44,703 - telegram_monitor - INFO - Target channel setup complete: 4-3-3 ስፖርት በኢትዮጵያ™
2025-06-21 07:26:44,704 - telegram_monitor - INFO - Starting channel monitoring...
2025-06-21 07:26:44,704 - telegram_monitor - INFO - Monitor is now active. Waiting for new messages...
2025-06-21 07:28:21,635 - telegram_monitor - INFO - New message detected: ID 323001
2025-06-21 07:28:21,635 - telegram_monitor - INFO - Waiting 3 seconds before commenting...
2025-06-21 07:28:21,736 - telegram_monitor - INFO - New message detected: ID 323002
2025-06-21 07:28:21,736 - telegram_monitor - INFO - Waiting 1 seconds before commenting...
2025-06-21 07:28:21,830 - telegram_monitor - INFO - New message detected: ID 323003
2025-06-21 07:28:21,830 - telegram_monitor - INFO - Waiting 1 seconds before commenting...
2025-06-21 07:28:21,911 - telegram_monitor - INFO - New message detected: ID 323004
2025-06-21 07:28:21,911 - telegram_monitor - INFO - Waiting 3 seconds before commenting...
2025-06-21 07:28:21,999 - telegram_monitor - INFO - New message detected: ID 323005
2025-06-21 07:28:21,999 - telegram_monitor - INFO - Waiting 3 seconds before commenting...
2025-06-21 07:28:22,767 - telegram_monitor - ERROR - Failed to post comment: The message ID used in the peer was invalid (caused by GetDiscussionMessageRequest)
2025-06-21 07:28:22,768 - rate_limiter - INFO - Action recorded. 9 actions remaining in current window
2025-06-21 07:28:22,857 - telegram_monitor - ERROR - Failed to post comment: The message ID used in the peer was invalid (caused by GetDiscussionMessageRequest)
2025-06-21 07:28:22,858 - rate_limiter - INFO - Action recorded. 8 actions remaining in current window
2025-06-21 07:28:24,665 - telegram_monitor - ERROR - Failed to post comment: The message ID used in the peer was invalid (caused by GetDiscussionMessageRequest)
2025-06-21 07:28:24,665 - rate_limiter - INFO - Action recorded. 7 actions remaining in current window
2025-06-21 07:28:24,938 - telegram_monitor - ERROR - Failed to post comment: The message ID used in the peer was invalid (caused by GetDiscussionMessageRequest)
2025-06-21 07:28:24,939 - rate_limiter - INFO - Action recorded. 6 actions remaining in current window
2025-06-21 07:28:25,030 - telegram_monitor - ERROR - Failed to post comment: The message ID used in the peer was invalid (caused by GetDiscussionMessageRequest)
2025-06-21 07:28:25,030 - rate_limiter - INFO - Action recorded. 5 actions remaining in current window
2025-06-21 07:28:34,109 - telethon.client.updates - INFO - Got difference for channel 1488788387 updates
2025-06-21 07:29:54,769 - telethon.client.updates - INFO - Got difference for channel 1488788387 updates
2025-06-21 07:41:41,951 - rate_limiter - INFO - Rate limiter initialized: 10 actions per 3600 seconds
2025-06-21 07:41:41,952 - __main__ - INFO - Starting Telegram Channel Monitor...
2025-06-21 07:41:41,952 - __main__ - INFO - Press Ctrl+C to stop the monitor
2025-06-21 07:41:41,952 - telegram_monitor - INFO - Initializing Telegram client...
2025-06-21 07:41:41,952 - telegram_monitor - INFO - Using file session for local deployment
2025-06-21 07:41:41,953 - telethon.network.mtprotosender - INFO - Connecting to 149.154.175.55:443/TcpFull...
2025-06-21 07:41:41,971 - telethon.network.mtprotosender - INFO - Connection to 149.154.175.55:443/TcpFull complete!
2025-06-21 07:41:42,163 - telegram_monitor - INFO - Telegram client initialized successfully
2025-06-21 07:41:42,187 - telegram_monitor - INFO - Authenticated as: S-P (@gpt92lbot)
2025-06-21 07:41:42,187 - telegram_monitor - INFO - Setting up target channel: @Sport_433et
2025-06-21 07:41:42,285 - telegram_monitor - INFO - Target channel setup complete: 4-3-3 ስፖርት በኢትዮጵያ™
2025-06-21 07:41:42,285 - telegram_monitor - INFO - Starting channel monitoring...
2025-06-21 07:41:42,285 - telegram_monitor - INFO - Monitor is now active. Waiting for new messages...
2025-06-21 07:42:10,342 - telethon.client.updates - INFO - Got difference for account updates
2025-06-21 07:42:24,610 - telethon.client.updates - INFO - Got difference for account updates
2025-06-21 07:45:53,732 - telethon.client.updates - INFO - Got difference for account updates
